Connecting to database specified by database.yml
  [1m[36m (2.5ms)[0m  [1mCREATE TABLE "schema_migrations" ("version" character varying(255) NOT NULL) [0m
  [1m[35m (1.5ms)[0m  CREATE UNIQUE INDEX "unique_schema_migrations" ON "schema_migrations" ("version")
  [1m[36m (0.3ms)[0m  [1mSELECT "schema_migrations"."version" FROM "schema_migrations" [0m


Started GET "/" for 127.0.0.1 at 2014-05-01 14:27:22 -0700
Connecting to database specified by database.yml
Processing by HomeController#index as HTML
  Rendered home/index.html.erb within layouts/application (22.4ms)
Completed 500 Internal Server Error in 28ms

ActionView::Template::Error (undefined local variable or method `posts_url' for #<#<Class:0x000001015b0368>:0x000001015b8978>):
    1: <H1>Welcome to my blog!</h1>
    2: 
    3: <%= link_to "View All Posts", posts_url %>
    4: 
    5: <% if @recent_posts.any? %>
    6:   <h4>Recent Posts:</h4>
  app/views/home/index.html.erb:3:in `_app_views_home_index_html_erb___1893331057606427617_2159053560'


  Rendered /Users/Alexandra/.rvm/gems/ruby-2.0.0-p451/gems/actionpack-3.2.12/lib/action_dispatch/middleware/templates/rescues/_trace.erb (1.7ms)
  Rendered /Users/Alexandra/.rvm/gems/ruby-2.0.0-p451/gems/actionpack-3.2.12/lib/action_dispatch/middleware/templates/rescues/_request_and_response.erb (0.7ms)
  Rendered /Users/Alexandra/.rvm/gems/ruby-2.0.0-p451/gems/actionpack-3.2.12/lib/action_dispatch/middleware/templates/rescues/template_error.erb within rescues/layout (14.3ms)


Started GET "/" for 127.0.0.1 at 2014-05-01 14:27:56 -0700
Processing by HomeController#index as HTML
  Rendered home/index.html.erb within layouts/application (0.3ms)
Compiled application.css  (0ms)  (pid 12140)
Completed 200 OK in 9ms (Views: 9.1ms | ActiveRecord: 0.0ms)


Started GET "/assets/application.css?body=1" for 127.0.0.1 at 2014-05-01 14:27:56 -0700
Served asset /application.css - 200 OK (26ms)
